2015-12-17 23:05:01,779 [Worker-3] INFO  o.e.m.c.i.l.LifecycleMappingFactory - Using org.eclipse.m2e.jdt.JarLifecycleMapping lifecycle mapping for MavenProject: ELMS_Client:ELMS_Client:0.0.1-SNAPSHOT @ E:\LAVA\G.S_Teamwork\ELMS_Client\pom.xml.
2015-12-17 23:05:03,551 [Worker-3] INFO  o.e.m.j.i.AbstractJavaProjectConfigurator - Adding source folder /ELMS_Client/src/main/java
2015-12-17 23:05:03,552 [Worker-3] INFO  o.e.m.j.i.AbstractJavaProjectConfigurator - Adding source folder /ELMS_Client/src/test/java
2015-12-17 23:05:04,334 [Worker-3] INFO  o.e.m.c.i.p.ProjectConfigurationManager - Imported and configured 1 project(s) in 14 sec
2015-12-17 23:05:12,680 [Worker-8] INFO  o.e.m.c.i.l.LifecycleMappingFactory - Using org.eclipse.m2e.jdt.JarLifecycleMapping lifecycle mapping for MavenProject: ELMS_Server:ELMS_Server:0.0.1-SNAPSHOT @ E:\LAVA\G.S_Teamwork\ELMS_Server\pom.xml.
2015-12-17 23:05:13,291 [Worker-8] INFO  o.e.m.j.i.AbstractJavaProjectConfigurator - Adding source folder /ELMS_Server/src/main/java
2015-12-17 23:05:13,292 [Worker-8] INFO  o.e.m.j.i.AbstractJavaProjectConfigurator - Adding source folder /ELMS_Server/src/test/java
2015-12-17 23:05:13,339 [Worker-8] INFO  o.e.m.c.i.p.ProjectConfigurationManager - Imported and configured 1 project(s) in 0 sec
2015-12-17 23:05:13,993 [Worker-10] INFO  o.e.m.c.i.embedder.EclipseLogger - Using 'UTF-8' encoding to copy filtered resources.
2015-12-17 23:05:13,994 [Worker-10] INFO  o.e.m.c.i.embedder.EclipseLogger - skip non existing resourceDirectory E:\LAVA\G.S_Teamwork\ELMS_Client\src\main\resources
2015-12-17 23:05:13,996 [Worker-10] INFO  o.e.m.c.i.embedder.EclipseLogger - Using 'UTF-8' encoding to copy filtered resources.
2015-12-17 23:05:13,997 [Worker-10] INFO  o.e.m.c.i.embedder.EclipseLogger - skip non existing resourceDirectory E:\LAVA\G.S_Teamwork\ELMS_Client\src\test\resources
2015-12-17 23:05:14,317 [Worker-10] INFO  o.e.m.c.i.embedder.EclipseLogger - Using 'UTF-8' encoding to copy filtered resources.
2015-12-17 23:05:14,317 [Worker-10] INFO  o.e.m.c.i.embedder.EclipseLogger - skip non existing resourceDirectory E:\LAVA\G.S_Teamwork\ELMS_Server\src\main\resources
2015-12-17 23:05:14,322 [Worker-10] INFO  o.e.m.c.i.embedder.EclipseLogger - Using 'UTF-8' encoding to copy filtered resources.
2015-12-17 23:05:14,323 [Worker-10] INFO  o.e.m.c.i.embedder.EclipseLogger - skip non existing resourceDirectory E:\LAVA\G.S_Teamwork\ELMS_Server\src\test\resources
2015-12-17 23:05:37,203 [Worker-9] INFO  o.e.m.c.i.embedder.EclipseLogger - Using 'UTF-8' encoding to copy filtered resources.
2015-12-17 23:05:37,204 [Worker-9] INFO  o.e.m.c.i.embedder.EclipseLogger - skip non existing resourceDirectory E:\LAVA\G.S_Teamwork\ELMS_Client\src\main\resources
2015-12-17 23:05:37,206 [Worker-9] INFO  o.e.m.c.i.embedder.EclipseLogger - Using 'UTF-8' encoding to copy filtered resources.
2015-12-17 23:05:37,206 [Worker-9] INFO  o.e.m.c.i.embedder.EclipseLogger - skip non existing resourceDirectory E:\LAVA\G.S_Teamwork\ELMS_Client\src\test\resources
2015-12-17 23:05:38,065 [Worker-9] INFO  o.e.m.c.i.embedder.EclipseLogger - Using 'UTF-8' encoding to copy filtered resources.
2015-12-17 23:05:38,065 [Worker-9] INFO  o.e.m.c.i.embedder.EclipseLogger - skip non existing resourceDirectory E:\LAVA\G.S_Teamwork\ELMS_Server\src\main\resources
2015-12-17 23:05:38,067 [Worker-9] INFO  o.e.m.c.i.embedder.EclipseLogger - Using 'UTF-8' encoding to copy filtered resources.
2015-12-17 23:05:38,068 [Worker-9] INFO  o.e.m.c.i.embedder.EclipseLogger - skip non existing resourceDirectory E:\LAVA\G.S_Teamwork\ELMS_Server\src\test\resources
2015-12-17 23:05:53,724 [Worker-3] INFO  o.e.m.c.i.embedder.EclipseLogger - Using 'UTF-8' encoding to copy filtered resources.
2015-12-17 23:05:53,725 [Worker-3] INFO  o.e.m.c.i.embedder.EclipseLogger - skip non existing resourceDirectory E:\LAVA\G.S_Teamwork\ELMS_Client\src\main\resources
2015-12-17 23:05:53,726 [Worker-3] INFO  o.e.m.c.i.embedder.EclipseLogger - Using 'UTF-8' encoding to copy filtered resources.
2015-12-17 23:05:53,727 [Worker-3] INFO  o.e.m.c.i.embedder.EclipseLogger - skip non existing resourceDirectory E:\LAVA\G.S_Teamwork\ELMS_Client\src\test\resources
2015-12-18 01:56:36,308 [Worker-22] INFO  o.e.m.c.i.embedder.EclipseLogger - Using 'UTF-8' encoding to copy filtered resources.
2015-12-18 01:56:36,314 [Worker-22] INFO  o.e.m.c.i.embedder.EclipseLogger - skip non existing resourceDirectory E:\LAVA\G.S_Teamwork\ELMS_Client\src\main\resources
2015-12-18 01:56:36,317 [Worker-22] INFO  o.e.m.c.i.embedder.EclipseLogger - Using 'UTF-8' encoding to copy filtered resources.
2015-12-18 01:56:36,317 [Worker-22] INFO  o.e.m.c.i.embedder.EclipseLogger - skip non existing resourceDirectory E:\LAVA\G.S_Teamwork\ELMS_Client\src\test\resources
2015-12-18 01:56:47,321 [Worker-24] INFO  o.e.m.c.i.embedder.EclipseLogger - Using 'UTF-8' encoding to copy filtered resources.
2015-12-18 01:56:47,321 [Worker-24] INFO  o.e.m.c.i.embedder.EclipseLogger - skip non existing resourceDirectory E:\LAVA\G.S_Teamwork\ELMS_Client\src\main\resources
2015-12-18 01:56:47,327 [Worker-24] INFO  o.e.m.c.i.embedder.EclipseLogger - Using 'UTF-8' encoding to copy filtered resources.
2015-12-18 01:56:47,328 [Worker-24] INFO  o.e.m.c.i.embedder.EclipseLogger - skip non existing resourceDirectory E:\LAVA\G.S_Teamwork\ELMS_Client\src\test\resources
2015-12-18 01:56:55,276 [Worker-21] INFO  o.e.m.c.i.embedder.EclipseLogger - Using 'UTF-8' encoding to copy filtered resources.
2015-12-18 01:56:55,277 [Worker-21] INFO  o.e.m.c.i.embedder.EclipseLogger - skip non existing resourceDirectory E:\LAVA\G.S_Teamwork\ELMS_Client\src\main\resources
2015-12-18 01:56:55,279 [Worker-21] INFO  o.e.m.c.i.embedder.EclipseLogger - Using 'UTF-8' encoding to copy filtered resources.
2015-12-18 01:56:55,279 [Worker-21] INFO  o.e.m.c.i.embedder.EclipseLogger - skip non existing resourceDirectory E:\LAVA\G.S_Teamwork\ELMS_Client\src\test\resources
2015-12-18 01:57:14,184 [Worker-15] INFO  o.e.m.c.i.embedder.EclipseLogger - Using 'UTF-8' encoding to copy filtered resources.
2015-12-18 01:57:14,184 [Worker-15] INFO  o.e.m.c.i.embedder.EclipseLogger - skip non existing resourceDirectory E:\LAVA\G.S_Teamwork\ELMS_Client\src\main\resources
2015-12-18 01:57:14,186 [Worker-15] INFO  o.e.m.c.i.embedder.EclipseLogger - Using 'UTF-8' encoding to copy filtered resources.
2015-12-18 01:57:14,188 [Worker-15] INFO  o.e.m.c.i.embedder.EclipseLogger - skip non existing resourceDirectory E:\LAVA\G.S_Teamwork\ELMS_Client\src\test\resources
2015-12-18 01:57:58,287 [Worker-25] INFO  o.e.m.c.i.embedder.EclipseLogger - Using 'UTF-8' encoding to copy filtered resources.
2015-12-18 01:57:58,288 [Worker-25] INFO  o.e.m.c.i.embedder.EclipseLogger - skip non existing resourceDirectory E:\LAVA\G.S_Teamwork\ELMS_Client\src\main\resources
2015-12-18 01:57:58,290 [Worker-25] INFO  o.e.m.c.i.embedder.EclipseLogger - Using 'UTF-8' encoding to copy filtered resources.
2015-12-18 01:57:58,291 [Worker-25] INFO  o.e.m.c.i.embedder.EclipseLogger - skip non existing resourceDirectory E:\LAVA\G.S_Teamwork\ELMS_Client\src\test\resources
2015-12-18 02:09:35,456 [Worker-4] INFO  o.e.m.c.i.embedder.EclipseLogger - Using 'UTF-8' encoding to copy filtered resources.
2015-12-18 02:09:35,467 [Worker-4] INFO  o.e.m.c.i.embedder.EclipseLogger - skip non existing resourceDirectory E:\LAVA\G.S_Teamwork\ELMS_Client\src\main\resources
2015-12-18 02:09:35,470 [Worker-4] INFO  o.e.m.c.i.embedder.EclipseLogger - Using 'UTF-8' encoding to copy filtered resources.
2015-12-18 02:09:35,470 [Worker-4] INFO  o.e.m.c.i.embedder.EclipseLogger - skip non existing resourceDirectory E:\LAVA\G.S_Teamwork\ELMS_Client\src\test\resources
2015-12-18 02:09:35,668 [Worker-4] INFO  o.e.m.c.i.embedder.EclipseLogger - Using 'UTF-8' encoding to copy filtered resources.
2015-12-18 02:09:35,668 [Worker-4] INFO  o.e.m.c.i.embedder.EclipseLogger - skip non existing resourceDirectory E:\LAVA\G.S_Teamwork\ELMS_Server\src\main\resources
2015-12-18 02:09:35,670 [Worker-4] INFO  o.e.m.c.i.embedder.EclipseLogger - Using 'UTF-8' encoding to copy filtered resources.
2015-12-18 02:09:35,670 [Worker-4] INFO  o.e.m.c.i.embedder.EclipseLogger - skip non existing resourceDirectory E:\LAVA\G.S_Teamwork\ELMS_Server\src\test\resources
2015-12-18 02:11:42,000 [Worker-15] INFO  o.e.m.c.i.embedder.EclipseLogger - Using 'UTF-8' encoding to copy filtered resources.
2015-12-18 02:11:42,000 [Worker-15] INFO  o.e.m.c.i.embedder.EclipseLogger - skip non existing resourceDirectory E:\LAVA\G.S_Teamwork\ELMS_Server\src\main\resources
2015-12-18 02:11:42,002 [Worker-15] INFO  o.e.m.c.i.embedder.EclipseLogger - Using 'UTF-8' encoding to copy filtered resources.
2015-12-18 02:11:42,002 [Worker-15] INFO  o.e.m.c.i.embedder.EclipseLogger - skip non existing resourceDirectory E:\LAVA\G.S_Teamwork\ELMS_Server\src\test\resources
2015-12-18 02:16:33,212 [Worker-13] INFO  o.e.m.c.i.embedder.EclipseLogger - Using 'UTF-8' encoding to copy filtered resources.
2015-12-18 02:16:33,213 [Worker-13] INFO  o.e.m.c.i.embedder.EclipseLogger - skip non existing resourceDirectory E:\LAVA\G.S_Teamwork\ELMS_Server\src\main\resources
2015-12-18 02:16:33,214 [Worker-13] INFO  o.e.m.c.i.embedder.EclipseLogger - Using 'UTF-8' encoding to copy filtered resources.
2015-12-18 02:16:33,215 [Worker-13] INFO  o.e.m.c.i.embedder.EclipseLogger - skip non existing resourceDirectory E:\LAVA\G.S_Teamwork\ELMS_Server\src\test\resources
2015-12-18 02:17:21,738 [Worker-4] INFO  o.e.m.c.i.embedder.EclipseLogger - Using 'UTF-8' encoding to copy filtered resources.
2015-12-18 02:17:21,738 [Worker-4] INFO  o.e.m.c.i.embedder.EclipseLogger - skip non existing resourceDirectory E:\LAVA\G.S_Teamwork\ELMS_Server\src\main\resources
2015-12-18 02:17:21,740 [Worker-4] INFO  o.e.m.c.i.embedder.EclipseLogger - Using 'UTF-8' encoding to copy filtered resources.
2015-12-18 02:17:21,741 [Worker-4] INFO  o.e.m.c.i.embedder.EclipseLogger - skip non existing resourceDirectory E:\LAVA\G.S_Teamwork\ELMS_Server\src\test\resources
2015-12-18 02:18:02,696 [Worker-15] INFO  o.e.m.c.i.embedder.EclipseLogger - Using 'UTF-8' encoding to copy filtered resources.
2015-12-18 02:18:02,696 [Worker-15] INFO  o.e.m.c.i.embedder.EclipseLogger - skip non existing resourceDirectory E:\LAVA\G.S_Teamwork\ELMS_Server\src\main\resources
2015-12-18 02:18:02,701 [Worker-15] INFO  o.e.m.c.i.embedder.EclipseLogger - Using 'UTF-8' encoding to copy filtered resources.
2015-12-18 02:18:02,701 [Worker-15] INFO  o.e.m.c.i.embedder.EclipseLogger - skip non existing resourceDirectory E:\LAVA\G.S_Teamwork\ELMS_Server\src\test\resources
2015-12-18 02:18:19,828 [Worker-17] INFO  o.e.m.c.i.embedder.EclipseLogger - Using 'UTF-8' encoding to copy filtered resources.
2015-12-18 02:18:19,828 [Worker-17] INFO  o.e.m.c.i.embedder.EclipseLogger - skip non existing resourceDirectory E:\LAVA\G.S_Teamwork\ELMS_Server\src\main\resources
2015-12-18 02:18:19,830 [Worker-17] INFO  o.e.m.c.i.embedder.EclipseLogger - Using 'UTF-8' encoding to copy filtered resources.
2015-12-18 02:18:19,830 [Worker-17] INFO  o.e.m.c.i.embedder.EclipseLogger - skip non existing resourceDirectory E:\LAVA\G.S_Teamwork\ELMS_Server\src\test\resources
2015-12-18 02:18:31,841 [Worker-4] INFO  o.e.m.c.i.embedder.EclipseLogger - Using 'UTF-8' encoding to copy filtered resources.
2015-12-18 02:18:31,841 [Worker-4] INFO  o.e.m.c.i.embedder.EclipseLogger - skip non existing resourceDirectory E:\LAVA\G.S_Teamwork\ELMS_Server\src\main\resources
2015-12-18 02:18:31,855 [Worker-4] INFO  o.e.m.c.i.embedder.EclipseLogger - Using 'UTF-8' encoding to copy filtered resources.
2015-12-18 02:18:31,855 [Worker-4] INFO  o.e.m.c.i.embedder.EclipseLogger - skip non existing resourceDirectory E:\LAVA\G.S_Teamwork\ELMS_Server\src\test\resources
2015-12-18 02:18:58,048 [Worker-13] INFO  o.e.m.c.i.embedder.EclipseLogger - Using 'UTF-8' encoding to copy filtered resources.
2015-12-18 02:18:58,049 [Worker-13] INFO  o.e.m.c.i.embedder.EclipseLogger - skip non existing resourceDirectory E:\LAVA\G.S_Teamwork\ELMS_Server\src\main\resources
2015-12-18 02:18:58,051 [Worker-13] INFO  o.e.m.c.i.embedder.EclipseLogger - Using 'UTF-8' encoding to copy filtered resources.
2015-12-18 02:18:58,052 [Worker-13] INFO  o.e.m.c.i.embedder.EclipseLogger - skip non existing resourceDirectory E:\LAVA\G.S_Teamwork\ELMS_Server\src\test\resources
2015-12-18 02:19:55,136 [Worker-14] INFO  o.e.m.c.i.embedder.EclipseLogger - Using 'UTF-8' encoding to copy filtered resources.
2015-12-18 02:19:55,137 [Worker-14] INFO  o.e.m.c.i.embedder.EclipseLogger - skip non existing resourceDirectory E:\LAVA\G.S_Teamwork\ELMS_Server\src\main\resources
2015-12-18 02:19:55,140 [Worker-14] INFO  o.e.m.c.i.embedder.EclipseLogger - Using 'UTF-8' encoding to copy filtered resources.
2015-12-18 02:19:55,141 [Worker-14] INFO  o.e.m.c.i.embedder.EclipseLogger - skip non existing resourceDirectory E:\LAVA\G.S_Teamwork\ELMS_Server\src\test\resources
2015-12-18 02:20:36,065 [Worker-14] INFO  o.e.m.c.i.embedder.EclipseLogger - Using 'UTF-8' encoding to copy filtered resources.
2015-12-18 02:20:36,066 [Worker-14] INFO  o.e.m.c.i.embedder.EclipseLogger - skip non existing resourceDirectory E:\LAVA\G.S_Teamwork\ELMS_Server\src\main\resources
2015-12-18 02:20:36,067 [Worker-14] INFO  o.e.m.c.i.embedder.EclipseLogger - Using 'UTF-8' encoding to copy filtered resources.
2015-12-18 02:20:36,068 [Worker-14] INFO  o.e.m.c.i.embedder.EclipseLogger - skip non existing resourceDirectory E:\LAVA\G.S_Teamwork\ELMS_Server\src\test\resources
2015-12-18 02:20:59,373 [Worker-13] INFO  o.e.m.c.i.embedder.EclipseLogger - Using 'UTF-8' encoding to copy filtered resources.
2015-12-18 02:20:59,373 [Worker-13] INFO  o.e.m.c.i.embedder.EclipseLogger - skip non existing resourceDirectory E:\LAVA\G.S_Teamwork\ELMS_Server\src\main\resources
2015-12-18 02:20:59,376 [Worker-13] INFO  o.e.m.c.i.embedder.EclipseLogger - Using 'UTF-8' encoding to copy filtered resources.
2015-12-18 02:20:59,376 [Worker-13] INFO  o.e.m.c.i.embedder.EclipseLogger - skip non existing resourceDirectory E:\LAVA\G.S_Teamwork\ELMS_Server\src\test\resources
2015-12-18 02:21:13,742 [Worker-18] INFO  o.e.m.c.i.embedder.EclipseLogger - Using 'UTF-8' encoding to copy filtered resources.
2015-12-18 02:21:13,743 [Worker-18] INFO  o.e.m.c.i.embedder.EclipseLogger - skip non existing resourceDirectory E:\LAVA\G.S_Teamwork\ELMS_Server\src\main\resources
2015-12-18 02:21:13,745 [Worker-18] INFO  o.e.m.c.i.embedder.EclipseLogger - Using 'UTF-8' encoding to copy filtered resources.
2015-12-18 02:21:13,745 [Worker-18] INFO  o.e.m.c.i.embedder.EclipseLogger - skip non existing resourceDirectory E:\LAVA\G.S_Teamwork\ELMS_Server\src\test\resources
2015-12-18 02:25:39,170 [Worker-17] INFO  o.e.m.c.i.embedder.EclipseLogger - Using 'UTF-8' encoding to copy filtered resources.
2015-12-18 02:25:39,171 [Worker-17] INFO  o.e.m.c.i.embedder.EclipseLogger - skip non existing resourceDirectory E:\LAVA\G.S_Teamwork\ELMS_Server\src\main\resources
2015-12-18 02:25:39,172 [Worker-17] INFO  o.e.m.c.i.embedder.EclipseLogger - Using 'UTF-8' encoding to copy filtered resources.
2015-12-18 02:25:39,173 [Worker-17] INFO  o.e.m.c.i.embedder.EclipseLogger - skip non existing resourceDirectory E:\LAVA\G.S_Teamwork\ELMS_Server\src\test\resources
2015-12-18 02:26:27,423 [Worker-15] INFO  o.e.m.c.i.embedder.EclipseLogger - Using 'UTF-8' encoding to copy filtered resources.
2015-12-18 02:26:27,423 [Worker-15] INFO  o.e.m.c.i.embedder.EclipseLogger - skip non existing resourceDirectory E:\LAVA\G.S_Teamwork\ELMS_Server\src\main\resources
2015-12-18 02:26:27,425 [Worker-15] INFO  o.e.m.c.i.embedder.EclipseLogger - Using 'UTF-8' encoding to copy filtered resources.
2015-12-18 02:26:27,425 [Worker-15] INFO  o.e.m.c.i.embedder.EclipseLogger - skip non existing resourceDirectory E:\LAVA\G.S_Teamwork\ELMS_Server\src\test\resources
2015-12-18 02:27:46,052 [Worker-15] INFO  o.e.m.c.i.embedder.EclipseLogger - Using 'UTF-8' encoding to copy filtered resources.
2015-12-18 02:27:46,052 [Worker-15] INFO  o.e.m.c.i.embedder.EclipseLogger - skip non existing resourceDirectory E:\LAVA\G.S_Teamwork\ELMS_Server\src\main\resources
2015-12-18 02:27:46,055 [Worker-15] INFO  o.e.m.c.i.embedder.EclipseLogger - Using 'UTF-8' encoding to copy filtered resources.
2015-12-18 02:27:46,056 [Worker-15] INFO  o.e.m.c.i.embedder.EclipseLogger - skip non existing resourceDirectory E:\LAVA\G.S_Teamwork\ELMS_Server\src\test\resources
2015-12-18 02:29:24,311 [Worker-20] INFO  o.e.m.c.i.embedder.EclipseLogger - Using 'UTF-8' encoding to copy filtered resources.
2015-12-18 02:29:24,312 [Worker-20] INFO  o.e.m.c.i.embedder.EclipseLogger - skip non existing resourceDirectory E:\LAVA\G.S_Teamwork\ELMS_Server\src\main\resources
2015-12-18 02:29:24,317 [Worker-20] INFO  o.e.m.c.i.embedder.EclipseLogger - Using 'UTF-8' encoding to copy filtered resources.
2015-12-18 02:29:24,317 [Worker-20] INFO  o.e.m.c.i.embedder.EclipseLogger - skip non existing resourceDirectory E:\LAVA\G.S_Teamwork\ELMS_Server\src\test\resources
2015-12-18 03:21:21,763 [Worker-26] INFO  o.e.m.c.i.embedder.EclipseLogger - Using 'UTF-8' encoding to copy filtered resources.
2015-12-18 03:21:21,766 [Worker-26] INFO  o.e.m.c.i.embedder.EclipseLogger - skip non existing resourceDirectory E:\LAVA\G.S_Teamwork\ELMS_Client\src\main\resources
2015-12-18 03:21:21,768 [Worker-26] INFO  o.e.m.c.i.embedder.EclipseLogger - Using 'UTF-8' encoding to copy filtered resources.
2015-12-18 03:21:21,768 [Worker-26] INFO  o.e.m.c.i.embedder.EclipseLogger - skip non existing resourceDirectory E:\LAVA\G.S_Teamwork\ELMS_Client\src\test\resources
2015-12-18 03:22:40,826 [Worker-30] INFO  o.e.m.c.i.embedder.EclipseLogger - Using 'UTF-8' encoding to copy filtered resources.
2015-12-18 03:22:40,826 [Worker-30] INFO  o.e.m.c.i.embedder.EclipseLogger - skip non existing resourceDirectory E:\LAVA\G.S_Teamwork\ELMS_Client\src\main\resources
2015-12-18 03:22:40,831 [Worker-30] INFO  o.e.m.c.i.embedder.EclipseLogger - Using 'UTF-8' encoding to copy filtered resources.
2015-12-18 03:22:40,831 [Worker-30] INFO  o.e.m.c.i.embedder.EclipseLogger - skip non existing resourceDirectory E:\LAVA\G.S_Teamwork\ELMS_Client\src\test\resources
2015-12-18 03:23:21,407 [Worker-30] INFO  o.e.m.c.i.embedder.EclipseLogger - Using 'UTF-8' encoding to copy filtered resources.
2015-12-18 03:23:21,407 [Worker-30] INFO  o.e.m.c.i.embedder.EclipseLogger - skip non existing resourceDirectory E:\LAVA\G.S_Teamwork\ELMS_Client\src\main\resources
2015-12-18 03:23:21,410 [Worker-30] INFO  o.e.m.c.i.embedder.EclipseLogger - Using 'UTF-8' encoding to copy filtered resources.
2015-12-18 03:23:21,410 [Worker-30] INFO  o.e.m.c.i.embedder.EclipseLogger - skip non existing resourceDirectory E:\LAVA\G.S_Teamwork\ELMS_Client\src\test\resources
2015-12-18 03:24:05,683 [Worker-30] INFO  o.e.m.c.i.embedder.EclipseLogger - Using 'UTF-8' encoding to copy filtered resources.
2015-12-18 03:24:05,683 [Worker-30] INFO  o.e.m.c.i.embedder.EclipseLogger - skip non existing resourceDirectory E:\LAVA\G.S_Teamwork\ELMS_Client\src\main\resources
2015-12-18 03:24:05,684 [Worker-30] INFO  o.e.m.c.i.embedder.EclipseLogger - Using 'UTF-8' encoding to copy filtered resources.
2015-12-18 03:24:05,684 [Worker-30] INFO  o.e.m.c.i.embedder.EclipseLogger - skip non existing resourceDirectory E:\LAVA\G.S_Teamwork\ELMS_Client\src\test\resources
2015-12-18 03:24:43,728 [Worker-30] INFO  o.e.m.c.i.embedder.EclipseLogger - Using 'UTF-8' encoding to copy filtered resources.
2015-12-18 03:24:43,729 [Worker-30] INFO  o.e.m.c.i.embedder.EclipseLogger - skip non existing resourceDirectory E:\LAVA\G.S_Teamwork\ELMS_Client\src\main\resources
2015-12-18 03:24:43,731 [Worker-30] INFO  o.e.m.c.i.embedder.EclipseLogger - Using 'UTF-8' encoding to copy filtered resources.
2015-12-18 03:24:43,731 [Worker-30] INFO  o.e.m.c.i.embedder.EclipseLogger - skip non existing resourceDirectory E:\LAVA\G.S_Teamwork\ELMS_Client\src\test\resources
2015-12-18 03:27:35,923 [Worker-37] INFO  o.e.m.c.i.embedder.EclipseLogger - Using 'UTF-8' encoding to copy filtered resources.
2015-12-18 03:27:35,924 [Worker-37] INFO  o.e.m.c.i.embedder.EclipseLogger - skip non existing resourceDirectory E:\LAVA\G.S_Teamwork\ELMS_Client\src\main\resources
2015-12-18 03:27:35,925 [Worker-37] INFO  o.e.m.c.i.embedder.EclipseLogger - Using 'UTF-8' encoding to copy filtered resources.
2015-12-18 03:27:35,926 [Worker-37] INFO  o.e.m.c.i.embedder.EclipseLogger - skip non existing resourceDirectory E:\LAVA\G.S_Teamwork\ELMS_Client\src\test\resources
2015-12-18 03:30:25,966 [Worker-25] INFO  o.e.m.c.i.embedder.EclipseLogger - Using 'UTF-8' encoding to copy filtered resources.
2015-12-18 03:30:25,967 [Worker-25] INFO  o.e.m.c.i.embedder.EclipseLogger - skip non existing resourceDirectory E:\LAVA\G.S_Teamwork\ELMS_Client\src\main\resources
2015-12-18 03:30:25,968 [Worker-25] INFO  o.e.m.c.i.embedder.EclipseLogger - Using 'UTF-8' encoding to copy filtered resources.
2015-12-18 03:30:25,969 [Worker-25] INFO  o.e.m.c.i.embedder.EclipseLogger - skip non existing resourceDirectory E:\LAVA\G.S_Teamwork\ELMS_Client\src\test\resources
2015-12-18 03:31:21,636 [Worker-39] INFO  o.e.m.c.i.embedder.EclipseLogger - Using 'UTF-8' encoding to copy filtered resources.
2015-12-18 03:31:21,636 [Worker-39] INFO  o.e.m.c.i.embedder.EclipseLogger - skip non existing resourceDirectory E:\LAVA\G.S_Teamwork\ELMS_Client\src\main\resources
2015-12-18 03:31:21,637 [Worker-39] INFO  o.e.m.c.i.embedder.EclipseLogger - Using 'UTF-8' encoding to copy filtered resources.
2015-12-18 03:31:21,637 [Worker-39] INFO  o.e.m.c.i.embedder.EclipseLogger - skip non existing resourceDirectory E:\LAVA\G.S_Teamwork\ELMS_Client\src\test\resources
2015-12-18 03:31:50,410 [Worker-25] INFO  o.e.m.c.i.embedder.EclipseLogger - Using 'UTF-8' encoding to copy filtered resources.
2015-12-18 03:31:50,412 [Worker-25] INFO  o.e.m.c.i.embedder.EclipseLogger - skip non existing resourceDirectory E:\LAVA\G.S_Teamwork\ELMS_Client\src\main\resources
2015-12-18 03:31:50,413 [Worker-25] INFO  o.e.m.c.i.embedder.EclipseLogger - Using 'UTF-8' encoding to copy filtered resources.
2015-12-18 03:31:50,413 [Worker-25] INFO  o.e.m.c.i.embedder.EclipseLogger - skip non existing resourceDirectory E:\LAVA\G.S_Teamwork\ELMS_Client\src\test\resources
2015-12-18 03:38:47,013 [Worker-36] INFO  o.e.m.c.i.embedder.EclipseLogger - Using 'UTF-8' encoding to copy filtered resources.
2015-12-18 03:38:47,014 [Worker-36] INFO  o.e.m.c.i.embedder.EclipseLogger - skip non existing resourceDirectory E:\LAVA\G.S_Teamwork\ELMS_Client\src\main\resources
2015-12-18 03:38:47,016 [Worker-36] INFO  o.e.m.c.i.embedder.EclipseLogger - Using 'UTF-8' encoding to copy filtered resources.
2015-12-18 03:38:47,016 [Worker-36] INFO  o.e.m.c.i.embedder.EclipseLogger - skip non existing resourceDirectory E:\LAVA\G.S_Teamwork\ELMS_Client\src\test\resources
2015-12-18 03:39:34,038 [Worker-39] INFO  o.e.m.c.i.embedder.EclipseLogger - Using 'UTF-8' encoding to copy filtered resources.
2015-12-18 03:39:34,038 [Worker-39] INFO  o.e.m.c.i.embedder.EclipseLogger - skip non existing resourceDirectory E:\LAVA\G.S_Teamwork\ELMS_Client\src\main\resources
2015-12-18 03:39:34,039 [Worker-39] INFO  o.e.m.c.i.embedder.EclipseLogger - Using 'UTF-8' encoding to copy filtered resources.
2015-12-18 03:39:34,040 [Worker-39] INFO  o.e.m.c.i.embedder.EclipseLogger - skip non existing resourceDirectory E:\LAVA\G.S_Teamwork\ELMS_Client\src\test\resources
2015-12-18 12:42:03,186 [Worker-4] INFO  o.e.m.c.i.embedder.EclipseLogger - Using 'UTF-8' encoding to copy filtered resources.
2015-12-18 12:42:03,197 [Worker-4] INFO  o.e.m.c.i.embedder.EclipseLogger - skip non existing resourceDirectory E:\LAVA\G.S_Teamwork\ELMS_Client\src\main\resources
2015-12-18 12:42:03,199 [Worker-4] INFO  o.e.m.c.i.embedder.EclipseLogger - Using 'UTF-8' encoding to copy filtered resources.
2015-12-18 12:42:03,199 [Worker-4] INFO  o.e.m.c.i.embedder.EclipseLogger - skip non existing resourceDirectory E:\LAVA\G.S_Teamwork\ELMS_Client\src\test\resources
2015-12-18 12:42:03,633 [Worker-14] INFO  o.e.m.c.i.embedder.EclipseLogger - Using 'UTF-8' encoding to copy filtered resources.
2015-12-18 12:42:03,634 [Worker-14] INFO  o.e.m.c.i.embedder.EclipseLogger - skip non existing resourceDirectory E:\LAVA\G.S_Teamwork\ELMS_Server\src\main\resources
2015-12-18 12:42:03,636 [Worker-14] INFO  o.e.m.c.i.embedder.EclipseLogger - Using 'UTF-8' encoding to copy filtered resources.
2015-12-18 12:42:03,637 [Worker-14] INFO  o.e.m.c.i.embedder.EclipseLogger - skip non existing resourceDirectory E:\LAVA\G.S_Teamwork\ELMS_Server\src\test\resources
2015-12-18 12:43:19,363 [Worker-14] INFO  o.e.m.c.i.embedder.EclipseLogger - Using 'UTF-8' encoding to copy filtered resources.
2015-12-18 12:43:19,363 [Worker-14] INFO  o.e.m.c.i.embedder.EclipseLogger - skip non existing resourceDirectory E:\LAVA\G.S_Teamwork\ELMS_Client\src\main\resources
2015-12-18 12:43:19,367 [Worker-14] INFO  o.e.m.c.i.embedder.EclipseLogger - Using 'UTF-8' encoding to copy filtered resources.
2015-12-18 12:43:19,368 [Worker-14] INFO  o.e.m.c.i.embedder.EclipseLogger - skip non existing resourceDirectory E:\LAVA\G.S_Teamwork\ELMS_Client\src\test\resources
2015-12-18 12:57:04,098 [Worker-11] INFO  o.e.m.c.i.embedder.EclipseLogger - Using 'UTF-8' encoding to copy filtered resources.
2015-12-18 12:57:04,098 [Worker-11] INFO  o.e.m.c.i.embedder.EclipseLogger - skip non existing resourceDirectory E:\LAVA\G.S_Teamwork\ELMS_Client\src\main\resources
2015-12-18 12:57:04,103 [Worker-11] INFO  o.e.m.c.i.embedder.EclipseLogger - Using 'UTF-8' encoding to copy filtered resources.
2015-12-18 12:57:04,103 [Worker-11] INFO  o.e.m.c.i.embedder.EclipseLogger - skip non existing resourceDirectory E:\LAVA\G.S_Teamwork\ELMS_Client\src\test\resources
2015-12-18 13:06:28,631 [Worker-26] INFO  o.e.m.c.i.embedder.EclipseLogger - Using 'UTF-8' encoding to copy filtered resources.
2015-12-18 13:06:28,631 [Worker-26] INFO  o.e.m.c.i.embedder.EclipseLogger - skip non existing resourceDirectory E:\LAVA\G.S_Teamwork\ELMS_Client\src\main\resources
2015-12-18 13:06:28,633 [Worker-26] INFO  o.e.m.c.i.embedder.EclipseLogger - Using 'UTF-8' encoding to copy filtered resources.
2015-12-18 13:06:28,633 [Worker-26] INFO  o.e.m.c.i.embedder.EclipseLogger - skip non existing resourceDirectory E:\LAVA\G.S_Teamwork\ELMS_Client\src\test\resources
2015-12-18 13:12:29,467 [Worker-28] INFO  o.e.m.c.i.embedder.EclipseLogger - Using 'UTF-8' encoding to copy filtered resources.
2015-12-18 13:12:29,468 [Worker-28] INFO  o.e.m.c.i.embedder.EclipseLogger - skip non existing resourceDirectory E:\LAVA\G.S_Teamwork\ELMS_Client\src\main\resources
2015-12-18 13:12:29,470 [Worker-28] INFO  o.e.m.c.i.embedder.EclipseLogger - Using 'UTF-8' encoding to copy filtered resources.
2015-12-18 13:12:29,470 [Worker-28] INFO  o.e.m.c.i.embedder.EclipseLogger - skip non existing resourceDirectory E:\LAVA\G.S_Teamwork\ELMS_Client\src\test\resources
2015-12-18 13:13:07,135 [Worker-25] INFO  o.e.m.c.i.embedder.EclipseLogger - Using 'UTF-8' encoding to copy filtered resources.
2015-12-18 13:13:07,136 [Worker-25] INFO  o.e.m.c.i.embedder.EclipseLogger - skip non existing resourceDirectory E:\LAVA\G.S_Teamwork\ELMS_Client\src\main\resources
2015-12-18 13:13:07,137 [Worker-25] INFO  o.e.m.c.i.embedder.EclipseLogger - Using 'UTF-8' encoding to copy filtered resources.
2015-12-18 13:13:07,138 [Worker-25] INFO  o.e.m.c.i.embedder.EclipseLogger - skip non existing resourceDirectory E:\LAVA\G.S_Teamwork\ELMS_Client\src\test\resources
2015-12-18 13:13:32,747 [Worker-23] INFO  o.e.m.c.i.embedder.EclipseLogger - Using 'UTF-8' encoding to copy filtered resources.
2015-12-18 13:13:32,747 [Worker-23] INFO  o.e.m.c.i.embedder.EclipseLogger - skip non existing resourceDirectory E:\LAVA\G.S_Teamwork\ELMS_Client\src\main\resources
2015-12-18 13:13:32,752 [Worker-23] INFO  o.e.m.c.i.embedder.EclipseLogger - Using 'UTF-8' encoding to copy filtered resources.
2015-12-18 13:13:32,753 [Worker-23] INFO  o.e.m.c.i.embedder.EclipseLogger - skip non existing resourceDirectory E:\LAVA\G.S_Teamwork\ELMS_Client\src\test\resources
2015-12-18 13:15:46,267 [Worker-22] INFO  o.e.m.c.i.embedder.EclipseLogger - Using 'UTF-8' encoding to copy filtered resources.
2015-12-18 13:15:46,268 [Worker-22] INFO  o.e.m.c.i.embedder.EclipseLogger - skip non existing resourceDirectory E:\LAVA\G.S_Teamwork\ELMS_Client\src\main\resources
2015-12-18 13:15:46,270 [Worker-22] INFO  o.e.m.c.i.embedder.EclipseLogger - Using 'UTF-8' encoding to copy filtered resources.
2015-12-18 13:15:46,270 [Worker-22] INFO  o.e.m.c.i.embedder.EclipseLogger - skip non existing resourceDirectory E:\LAVA\G.S_Teamwork\ELMS_Client\src\test\resources
2015-12-18 13:16:18,188 [Worker-22] INFO  o.e.m.c.i.embedder.EclipseLogger - Using 'UTF-8' encoding to copy filtered resources.
2015-12-18 13:16:18,188 [Worker-22] INFO  o.e.m.c.i.embedder.EclipseLogger - skip non existing resourceDirectory E:\LAVA\G.S_Teamwork\ELMS_Client\src\main\resources
2015-12-18 13:16:18,189 [Worker-22] INFO  o.e.m.c.i.embedder.EclipseLogger - Using 'UTF-8' encoding to copy filtered resources.
2015-12-18 13:16:18,190 [Worker-22] INFO  o.e.m.c.i.embedder.EclipseLogger - skip non existing resourceDirectory E:\LAVA\G.S_Teamwork\ELMS_Client\src\test\resources
2015-12-18 13:44:21,591 [Worker-37] INFO  o.e.m.c.i.embedder.EclipseLogger - Using 'UTF-8' encoding to copy filtered resources.
2015-12-18 13:44:21,592 [Worker-37] INFO  o.e.m.c.i.embedder.EclipseLogger - skip non existing resourceDirectory E:\LAVA\G.S_Teamwork\ELMS_Client\src\main\resources
2015-12-18 13:44:21,594 [Worker-37] INFO  o.e.m.c.i.embedder.EclipseLogger - Using 'UTF-8' encoding to copy filtered resources.
2015-12-18 13:44:21,594 [Worker-37] INFO  o.e.m.c.i.embedder.EclipseLogger - skip non existing resourceDirectory E:\LAVA\G.S_Teamwork\ELMS_Client\src\test\resources
2015-12-18 13:44:52,936 [Worker-37] INFO  o.e.m.c.i.embedder.EclipseLogger - Using 'UTF-8' encoding to copy filtered resources.
2015-12-18 13:44:52,937 [Worker-37] INFO  o.e.m.c.i.embedder.EclipseLogger - skip non existing resourceDirectory E:\LAVA\G.S_Teamwork\ELMS_Client\src\main\resources
2015-12-18 13:44:52,937 [Worker-37] INFO  o.e.m.c.i.embedder.EclipseLogger - Using 'UTF-8' encoding to copy filtered resources.
2015-12-18 13:44:52,937 [Worker-37] INFO  o.e.m.c.i.embedder.EclipseLogger - skip non existing resourceDirectory E:\LAVA\G.S_Teamwork\ELMS_Client\src\test\resources
2015-12-18 13:46:16,793 [Worker-40] INFO  o.e.m.c.i.embedder.EclipseLogger - Using 'UTF-8' encoding to copy filtered resources.
2015-12-18 13:46:16,794 [Worker-40] INFO  o.e.m.c.i.embedder.EclipseLogger - skip non existing resourceDirectory E:\LAVA\G.S_Teamwork\ELMS_Client\src\main\resources
2015-12-18 13:46:16,795 [Worker-40] INFO  o.e.m.c.i.embedder.EclipseLogger - Using 'UTF-8' encoding to copy filtered resources.
2015-12-18 13:46:16,796 [Worker-40] INFO  o.e.m.c.i.embedder.EclipseLogger - skip non existing resourceDirectory E:\LAVA\G.S_Teamwork\ELMS_Client\src\test\resources
2015-12-18 13:47:03,842 [Worker-40] INFO  o.e.m.c.i.embedder.EclipseLogger - Using 'UTF-8' encoding to copy filtered resources.
2015-12-18 13:47:03,842 [Worker-40] INFO  o.e.m.c.i.embedder.EclipseLogger - skip non existing resourceDirectory E:\LAVA\G.S_Teamwork\ELMS_Client\src\main\resources
2015-12-18 13:47:03,846 [Worker-40] INFO  o.e.m.c.i.embedder.EclipseLogger - Using 'UTF-8' encoding to copy filtered resources.
2015-12-18 13:47:03,852 [Worker-40] INFO  o.e.m.c.i.embedder.EclipseLogger - skip non existing resourceDirectory E:\LAVA\G.S_Teamwork\ELMS_Client\src\test\resources
2015-12-18 13:47:16,629 [Worker-39] INFO  o.e.m.c.i.embedder.EclipseLogger - Using 'UTF-8' encoding to copy filtered resources.
2015-12-18 13:47:16,629 [Worker-39] INFO  o.e.m.c.i.embedder.EclipseLogger - skip non existing resourceDirectory E:\LAVA\G.S_Teamwork\ELMS_Client\src\main\resources
2015-12-18 13:47:16,631 [Worker-39] INFO  o.e.m.c.i.embedder.EclipseLogger - Using 'UTF-8' encoding to copy filtered resources.
2015-12-18 13:47:16,631 [Worker-39] INFO  o.e.m.c.i.embedder.EclipseLogger - skip non existing resourceDirectory E:\LAVA\G.S_Teamwork\ELMS_Client\src\test\resources
2015-12-18 13:47:38,309 [Worker-40] INFO  o.e.m.c.i.embedder.EclipseLogger - Using 'UTF-8' encoding to copy filtered resources.
2015-12-18 13:47:38,310 [Worker-40] INFO  o.e.m.c.i.embedder.EclipseLogger - skip non existing resourceDirectory E:\LAVA\G.S_Teamwork\ELMS_Client\src\main\resources
2015-12-18 13:47:38,312 [Worker-40] INFO  o.e.m.c.i.embedder.EclipseLogger - Using 'UTF-8' encoding to copy filtered resources.
2015-12-18 13:47:38,312 [Worker-40] INFO  o.e.m.c.i.embedder.EclipseLogger - skip non existing resourceDirectory E:\LAVA\G.S_Teamwork\ELMS_Client\src\test\resources
2015-12-18 13:51:52,490 [Worker-40] INFO  o.e.m.c.i.embedder.EclipseLogger - Using 'UTF-8' encoding to copy filtered resources.
2015-12-18 13:51:52,490 [Worker-40] INFO  o.e.m.c.i.embedder.EclipseLogger - skip non existing resourceDirectory E:\LAVA\G.S_Teamwork\ELMS_Client\src\main\resources
2015-12-18 13:51:52,491 [Worker-40] INFO  o.e.m.c.i.embedder.EclipseLogger - Using 'UTF-8' encoding to copy filtered resources.
2015-12-18 13:51:52,492 [Worker-40] INFO  o.e.m.c.i.embedder.EclipseLogger - skip non existing resourceDirectory E:\LAVA\G.S_Teamwork\ELMS_Client\src\test\resources
2015-12-18 13:52:51,618 [Worker-22] INFO  o.e.m.c.i.embedder.EclipseLogger - Using 'UTF-8' encoding to copy filtered resources.
2015-12-18 13:52:51,619 [Worker-22] INFO  o.e.m.c.i.embedder.EclipseLogger - skip non existing resourceDirectory E:\LAVA\G.S_Teamwork\ELMS_Client\src\main\resources
2015-12-18 13:52:51,622 [Worker-22] INFO  o.e.m.c.i.embedder.EclipseLogger - Using 'UTF-8' encoding to copy filtered resources.
2015-12-18 13:52:51,622 [Worker-22] INFO  o.e.m.c.i.embedder.EclipseLogger - skip non existing resourceDirectory E:\LAVA\G.S_Teamwork\ELMS_Client\src\test\resources
2015-12-18 14:04:52,664 [Worker-48] INFO  o.e.m.c.i.embedder.EclipseLogger - Using 'UTF-8' encoding to copy filtered resources.
2015-12-18 14:04:52,665 [Worker-48] INFO  o.e.m.c.i.embedder.EclipseLogger - skip non existing resourceDirectory E:\LAVA\G.S_Teamwork\ELMS_Client\src\main\resources
2015-12-18 14:04:52,666 [Worker-48] INFO  o.e.m.c.i.embedder.EclipseLogger - Using 'UTF-8' encoding to copy filtered resources.
2015-12-18 14:04:52,666 [Worker-48] INFO  o.e.m.c.i.embedder.EclipseLogger - skip non existing resourceDirectory E:\LAVA\G.S_Teamwork\ELMS_Client\src\test\resources
2015-12-18 14:06:14,911 [Worker-36] INFO  o.e.m.c.i.embedder.EclipseLogger - Using 'UTF-8' encoding to copy filtered resources.
2015-12-18 14:06:14,913 [Worker-36] INFO  o.e.m.c.i.embedder.EclipseLogger - skip non existing resourceDirectory E:\LAVA\G.S_Teamwork\ELMS_Client\src\main\resources
2015-12-18 14:06:14,914 [Worker-36] INFO  o.e.m.c.i.embedder.EclipseLogger - Using 'UTF-8' encoding to copy filtered resources.
2015-12-18 14:06:14,914 [Worker-36] INFO  o.e.m.c.i.embedder.EclipseLogger - skip non existing resourceDirectory E:\LAVA\G.S_Teamwork\ELMS_Client\src\test\resources
2015-12-18 14:06:59,499 [Worker-51] INFO  o.e.m.c.i.embedder.EclipseLogger - Using 'UTF-8' encoding to copy filtered resources.
2015-12-18 14:06:59,499 [Worker-51] INFO  o.e.m.c.i.embedder.EclipseLogger - skip non existing resourceDirectory E:\LAVA\G.S_Teamwork\ELMS_Client\src\main\resources
2015-12-18 14:06:59,500 [Worker-51] INFO  o.e.m.c.i.embedder.EclipseLogger - Using 'UTF-8' encoding to copy filtered resources.
2015-12-18 14:06:59,500 [Worker-51] INFO  o.e.m.c.i.embedder.EclipseLogger - skip non existing resourceDirectory E:\LAVA\G.S_Teamwork\ELMS_Client\src\test\resources
2015-12-18 14:15:32,172 [Worker-55] INFO  o.e.m.c.i.embedder.EclipseLogger - Using 'UTF-8' encoding to copy filtered resources.
2015-12-18 14:15:32,172 [Worker-55] INFO  o.e.m.c.i.embedder.EclipseLogger - skip non existing resourceDirectory E:\LAVA\G.S_Teamwork\ELMS_Client\src\main\resources
2015-12-18 14:15:32,173 [Worker-55] INFO  o.e.m.c.i.embedder.EclipseLogger - Using 'UTF-8' encoding to copy filtered resources.
2015-12-18 14:15:32,174 [Worker-55] INFO  o.e.m.c.i.embedder.EclipseLogger - skip non existing resourceDirectory E:\LAVA\G.S_Teamwork\ELMS_Client\src\test\resources
2015-12-18 14:15:58,716 [Worker-48] INFO  o.e.m.c.i.embedder.EclipseLogger - Using 'UTF-8' encoding to copy filtered resources.
2015-12-18 14:15:58,716 [Worker-48] INFO  o.e.m.c.i.embedder.EclipseLogger - skip non existing resourceDirectory E:\LAVA\G.S_Teamwork\ELMS_Client\src\main\resources
2015-12-18 14:15:58,720 [Worker-48] INFO  o.e.m.c.i.embedder.EclipseLogger - Using 'UTF-8' encoding to copy filtered resources.
2015-12-18 14:15:58,720 [Worker-48] INFO  o.e.m.c.i.embedder.EclipseLogger - skip non existing resourceDirectory E:\LAVA\G.S_Teamwork\ELMS_Client\src\test\resources
2015-12-18 14:19:23,189 [Worker-57] INFO  o.e.m.c.i.embedder.EclipseLogger - Using 'UTF-8' encoding to copy filtered resources.
2015-12-18 14:19:23,190 [Worker-57] INFO  o.e.m.c.i.embedder.EclipseLogger - skip non existing resourceDirectory E:\LAVA\G.S_Teamwork\ELMS_Client\src\main\resources
2015-12-18 14:19:23,190 [Worker-57] INFO  o.e.m.c.i.embedder.EclipseLogger - Using 'UTF-8' encoding to copy filtered resources.
2015-12-18 14:19:23,191 [Worker-57] INFO  o.e.m.c.i.embedder.EclipseLogger - skip non existing resourceDirectory E:\LAVA\G.S_Teamwork\ELMS_Client\src\test\resources
2015-12-18 14:19:47,475 [Worker-51] INFO  o.e.m.c.i.embedder.EclipseLogger - Using 'UTF-8' encoding to copy filtered resources.
2015-12-18 14:19:47,475 [Worker-51] INFO  o.e.m.c.i.embedder.EclipseLogger - skip non existing resourceDirectory E:\LAVA\G.S_Teamwork\ELMS_Client\src\main\resources
2015-12-18 14:19:47,476 [Worker-51] INFO  o.e.m.c.i.embedder.EclipseLogger - Using 'UTF-8' encoding to copy filtered resources.
2015-12-18 14:19:47,476 [Worker-51] INFO  o.e.m.c.i.embedder.EclipseLogger - skip non existing resourceDirectory E:\LAVA\G.S_Teamwork\ELMS_Client\src\test\resources
2015-12-18 14:23:45,965 [Worker-51] INFO  o.e.m.c.i.embedder.EclipseLogger - Using 'UTF-8' encoding to copy filtered resources.
2015-12-18 14:23:45,966 [Worker-51] INFO  o.e.m.c.i.embedder.EclipseLogger - skip non existing resourceDirectory E:\LAVA\G.S_Teamwork\ELMS_Client\src\main\resources
2015-12-18 14:23:45,969 [Worker-51] INFO  o.e.m.c.i.embedder.EclipseLogger - Using 'UTF-8' encoding to copy filtered resources.
2015-12-18 14:23:45,969 [Worker-51] INFO  o.e.m.c.i.embedder.EclipseLogger - skip non existing resourceDirectory E:\LAVA\G.S_Teamwork\ELMS_Client\src\test\resources
2015-12-18 14:24:23,479 [Worker-62] INFO  o.e.m.c.i.embedder.EclipseLogger - Using 'UTF-8' encoding to copy filtered resources.
2015-12-18 14:24:23,480 [Worker-62] INFO  o.e.m.c.i.embedder.EclipseLogger - skip non existing resourceDirectory E:\LAVA\G.S_Teamwork\ELMS_Client\src\main\resources
2015-12-18 14:24:23,481 [Worker-62] INFO  o.e.m.c.i.embedder.EclipseLogger - Using 'UTF-8' encoding to copy filtered resources.
2015-12-18 14:24:23,481 [Worker-62] INFO  o.e.m.c.i.embedder.EclipseLogger - skip non existing resourceDirectory E:\LAVA\G.S_Teamwork\ELMS_Client\src\test\resources
2015-12-18 14:24:48,950 [Worker-51] INFO  o.e.m.c.i.embedder.EclipseLogger - Using 'UTF-8' encoding to copy filtered resources.
2015-12-18 14:24:48,951 [Worker-51] INFO  o.e.m.c.i.embedder.EclipseLogger - skip non existing resourceDirectory E:\LAVA\G.S_Teamwork\ELMS_Client\src\main\resources
2015-12-18 14:24:48,954 [Worker-51] INFO  o.e.m.c.i.embedder.EclipseLogger - Using 'UTF-8' encoding to copy filtered resources.
2015-12-18 14:24:48,954 [Worker-51] INFO  o.e.m.c.i.embedder.EclipseLogger - skip non existing resourceDirectory E:\LAVA\G.S_Teamwork\ELMS_Client\src\test\resources
2015-12-18 14:25:24,634 [Worker-56] INFO  o.e.m.c.i.embedder.EclipseLogger - Using 'UTF-8' encoding to copy filtered resources.
2015-12-18 14:25:24,634 [Worker-56] INFO  o.e.m.c.i.embedder.EclipseLogger - skip non existing resourceDirectory E:\LAVA\G.S_Teamwork\ELMS_Client\src\main\resources
2015-12-18 14:25:24,636 [Worker-56] INFO  o.e.m.c.i.embedder.EclipseLogger - Using 'UTF-8' encoding to copy filtered resources.
2015-12-18 14:25:24,637 [Worker-56] INFO  o.e.m.c.i.embedder.EclipseLogger - skip non existing resourceDirectory E:\LAVA\G.S_Teamwork\ELMS_Client\src\test\resources
2015-12-18 14:25:48,918 [Worker-63] INFO  o.e.m.c.i.embedder.EclipseLogger - Using 'UTF-8' encoding to copy filtered resources.
2015-12-18 14:25:48,919 [Worker-63] INFO  o.e.m.c.i.embedder.EclipseLogger - skip non existing resourceDirectory E:\LAVA\G.S_Teamwork\ELMS_Client\src\main\resources
2015-12-18 14:25:48,920 [Worker-63] INFO  o.e.m.c.i.embedder.EclipseLogger - Using 'UTF-8' encoding to copy filtered resources.
2015-12-18 14:25:48,921 [Worker-63] INFO  o.e.m.c.i.embedder.EclipseLogger - skip non existing resourceDirectory E:\LAVA\G.S_Teamwork\ELMS_Client\src\test\resources
2015-12-18 14:49:18,314 [Worker-75] INFO  o.e.m.c.i.embedder.EclipseLogger - Using 'UTF-8' encoding to copy filtered resources.
2015-12-18 14:49:18,314 [Worker-75] INFO  o.e.m.c.i.embedder.EclipseLogger - skip non existing resourceDirectory E:\LAVA\G.S_Teamwork\ELMS_Client\src\main\resources
2015-12-18 14:49:18,316 [Worker-75] INFO  o.e.m.c.i.embedder.EclipseLogger - Using 'UTF-8' encoding to copy filtered resources.
2015-12-18 14:49:18,316 [Worker-75] INFO  o.e.m.c.i.embedder.EclipseLogger - skip non existing resourceDirectory E:\LAVA\G.S_Teamwork\ELMS_Client\src\test\resources
2015-12-18 14:52:51,081 [Worker-77] INFO  o.e.m.c.i.embedder.EclipseLogger - Using 'UTF-8' encoding to copy filtered resources.
2015-12-18 14:52:51,082 [Worker-77] INFO  o.e.m.c.i.embedder.EclipseLogger - skip non existing resourceDirectory E:\LAVA\G.S_Teamwork\ELMS_Client\src\main\resources
2015-12-18 14:52:51,083 [Worker-77] INFO  o.e.m.c.i.embedder.EclipseLogger - Using 'UTF-8' encoding to copy filtered resources.
2015-12-18 14:52:51,084 [Worker-77] INFO  o.e.m.c.i.embedder.EclipseLogger - skip non existing resourceDirectory E:\LAVA\G.S_Teamwork\ELMS_Client\src\test\resources
2015-12-18 14:56:09,714 [Worker-80] INFO  o.e.m.c.i.embedder.EclipseLogger - Using 'UTF-8' encoding to copy filtered resources.
2015-12-18 14:56:09,714 [Worker-80] INFO  o.e.m.c.i.embedder.EclipseLogger - skip non existing resourceDirectory E:\LAVA\G.S_Teamwork\ELMS_Client\src\main\resources
2015-12-18 14:56:09,716 [Worker-80] INFO  o.e.m.c.i.embedder.EclipseLogger - Using 'UTF-8' encoding to copy filtered resources.
2015-12-18 14:56:09,716 [Worker-80] INFO  o.e.m.c.i.embedder.EclipseLogger - skip non existing resourceDirectory E:\LAVA\G.S_Teamwork\ELMS_Client\src\test\resources
2015-12-18 15:10:45,573 [Worker-87] INFO  o.e.m.c.i.embedder.EclipseLogger - Using 'UTF-8' encoding to copy filtered resources.
2015-12-18 15:10:45,573 [Worker-87] INFO  o.e.m.c.i.embedder.EclipseLogger - skip non existing resourceDirectory E:\LAVA\G.S_Teamwork\ELMS_Client\src\main\resources
2015-12-18 15:10:45,574 [Worker-87] INFO  o.e.m.c.i.embedder.EclipseLogger - Using 'UTF-8' encoding to copy filtered resources.
2015-12-18 15:10:45,575 [Worker-87] INFO  o.e.m.c.i.embedder.EclipseLogger - skip non existing resourceDirectory E:\LAVA\G.S_Teamwork\ELMS_Client\src\test\resources
2015-12-18 15:17:02,945 [Worker-93] INFO  o.e.m.c.i.embedder.EclipseLogger - Using 'UTF-8' encoding to copy filtered resources.
2015-12-18 15:17:02,945 [Worker-93] INFO  o.e.m.c.i.embedder.EclipseLogger - skip non existing resourceDirectory E:\LAVA\G.S_Teamwork\ELMS_Client\src\main\resources
2015-12-18 15:17:02,946 [Worker-93] INFO  o.e.m.c.i.embedder.EclipseLogger - Using 'UTF-8' encoding to copy filtered resources.
2015-12-18 15:17:02,946 [Worker-93] INFO  o.e.m.c.i.embedder.EclipseLogger - skip non existing resourceDirectory E:\LAVA\G.S_Teamwork\ELMS_Client\src\test\resources
2015-12-18 15:17:20,936 [Worker-95] INFO  o.e.m.c.i.embedder.EclipseLogger - Using 'UTF-8' encoding to copy filtered resources.
2015-12-18 15:17:20,937 [Worker-95] INFO  o.e.m.c.i.embedder.EclipseLogger - skip non existing resourceDirectory E:\LAVA\G.S_Teamwork\ELMS_Client\src\main\resources
2015-12-18 15:17:20,938 [Worker-95] INFO  o.e.m.c.i.embedder.EclipseLogger - Using 'UTF-8' encoding to copy filtered resources.
2015-12-18 15:17:20,939 [Worker-95] INFO  o.e.m.c.i.embedder.EclipseLogger - skip non existing resourceDirectory E:\LAVA\G.S_Teamwork\ELMS_Client\src\test\resources
2015-12-18 15:17:26,612 [Worker-90] INFO  o.e.m.c.i.embedder.EclipseLogger - Using 'UTF-8' encoding to copy filtered resources.
2015-12-18 15:17:26,612 [Worker-90] INFO  o.e.m.c.i.embedder.EclipseLogger - skip non existing resourceDirectory E:\LAVA\G.S_Teamwork\ELMS_Client\src\main\resources
2015-12-18 15:17:26,613 [Worker-90] INFO  o.e.m.c.i.embedder.EclipseLogger - Using 'UTF-8' encoding to copy filtered resources.
2015-12-18 15:17:26,613 [Worker-90] INFO  o.e.m.c.i.embedder.EclipseLogger - skip non existing resourceDirectory E:\LAVA\G.S_Teamwork\ELMS_Client\src\test\resources
2015-12-18 15:22:16,918 [Worker-95] INFO  o.e.m.c.i.embedder.EclipseLogger - Using 'UTF-8' encoding to copy filtered resources.
2015-12-18 15:22:16,918 [Worker-95] INFO  o.e.m.c.i.embedder.EclipseLogger - skip non existing resourceDirectory E:\LAVA\G.S_Teamwork\ELMS_Client\src\main\resources
2015-12-18 15:22:16,926 [Worker-95] INFO  o.e.m.c.i.embedder.EclipseLogger - Using 'UTF-8' encoding to copy filtered resources.
2015-12-18 15:22:16,929 [Worker-95] INFO  o.e.m.c.i.embedder.EclipseLogger - skip non existing resourceDirectory E:\LAVA\G.S_Teamwork\ELMS_Client\src\test\resources
2015-12-18 15:24:19,172 [Worker-95] INFO  o.e.m.c.i.embedder.EclipseLogger - Using 'UTF-8' encoding to copy filtered resources.
2015-12-18 15:24:19,173 [Worker-95] INFO  o.e.m.c.i.embedder.EclipseLogger - skip non existing resourceDirectory E:\LAVA\G.S_Teamwork\ELMS_Client\src\main\resources
2015-12-18 15:24:19,174 [Worker-95] INFO  o.e.m.c.i.embedder.EclipseLogger - Using 'UTF-8' encoding to copy filtered resources.
2015-12-18 15:24:19,174 [Worker-95] INFO  o.e.m.c.i.embedder.EclipseLogger - skip non existing resourceDirectory E:\LAVA\G.S_Teamwork\ELMS_Client\src\test\resources
2015-12-18 16:31:58,713 [Worker-104] INFO  o.e.m.c.i.embedder.EclipseLogger - Using 'UTF-8' encoding to copy filtered resources.
2015-12-18 16:31:58,714 [Worker-104] INFO  o.e.m.c.i.embedder.EclipseLogger - skip non existing resourceDirectory E:\LAVA\G.S_Teamwork\ELMS_Client\src\main\resources
2015-12-18 16:31:58,715 [Worker-104] INFO  o.e.m.c.i.embedder.EclipseLogger - Using 'UTF-8' encoding to copy filtered resources.
2015-12-18 16:31:58,715 [Worker-104] INFO  o.e.m.c.i.embedder.EclipseLogger - skip non existing resourceDirectory E:\LAVA\G.S_Teamwork\ELMS_Client\src\test\resources
2015-12-18 16:32:09,433 [Worker-103] INFO  o.e.m.c.i.embedder.EclipseLogger - Using 'UTF-8' encoding to copy filtered resources.
2015-12-18 16:32:09,433 [Worker-103] INFO  o.e.m.c.i.embedder.EclipseLogger - skip non existing resourceDirectory E:\LAVA\G.S_Teamwork\ELMS_Client\src\main\resources
2015-12-18 16:32:09,435 [Worker-103] INFO  o.e.m.c.i.embedder.EclipseLogger - Using 'UTF-8' encoding to copy filtered resources.
2015-12-18 16:32:09,435 [Worker-103] INFO  o.e.m.c.i.embedder.EclipseLogger - skip non existing resourceDirectory E:\LAVA\G.S_Teamwork\ELMS_Client\src\test\resources
2015-12-18 16:33:15,026 [Worker-103] INFO  o.e.m.c.i.embedder.EclipseLogger - Using 'UTF-8' encoding to copy filtered resources.
2015-12-18 16:33:15,026 [Worker-103] INFO  o.e.m.c.i.embedder.EclipseLogger - skip non existing resourceDirectory E:\LAVA\G.S_Teamwork\ELMS_Server\src\main\resources
2015-12-18 16:33:15,028 [Worker-103] INFO  o.e.m.c.i.embedder.EclipseLogger - Using 'UTF-8' encoding to copy filtered resources.
2015-12-18 16:33:15,029 [Worker-103] INFO  o.e.m.c.i.embedder.EclipseLogger - skip non existing resourceDirectory E:\LAVA\G.S_Teamwork\ELMS_Server\src\test\resources
2015-12-18 16:35:25,698 [Worker-106] INFO  o.e.m.c.i.embedder.EclipseLogger - Using 'UTF-8' encoding to copy filtered resources.
2015-12-18 16:35:25,698 [Worker-106] INFO  o.e.m.c.i.embedder.EclipseLogger - skip non existing resourceDirectory E:\LAVA\G.S_Teamwork\ELMS_Client\src\main\resources
2015-12-18 16:35:25,702 [Worker-106] INFO  o.e.m.c.i.embedder.EclipseLogger - Using 'UTF-8' encoding to copy filtered resources.
2015-12-18 16:35:25,702 [Worker-106] INFO  o.e.m.c.i.embedder.EclipseLogger - skip non existing resourceDirectory E:\LAVA\G.S_Teamwork\ELMS_Client\src\test\resources
2015-12-18 16:38:42,615 [Worker-106] INFO  o.e.m.c.i.embedder.EclipseLogger - Using 'UTF-8' encoding to copy filtered resources.
2015-12-18 16:38:42,615 [Worker-106] INFO  o.e.m.c.i.embedder.EclipseLogger - skip non existing resourceDirectory E:\LAVA\G.S_Teamwork\ELMS_Client\src\main\resources
2015-12-18 16:38:42,616 [Worker-106] INFO  o.e.m.c.i.embedder.EclipseLogger - Using 'UTF-8' encoding to copy filtered resources.
2015-12-18 16:38:42,616 [Worker-106] INFO  o.e.m.c.i.embedder.EclipseLogger - skip non existing resourceDirectory E:\LAVA\G.S_Teamwork\ELMS_Client\src\test\resources
2015-12-18 16:39:12,934 [Worker-106] INFO  o.e.m.c.i.embedder.EclipseLogger - Using 'UTF-8' encoding to copy filtered resources.
2015-12-18 16:39:12,934 [Worker-106] INFO  o.e.m.c.i.embedder.EclipseLogger - skip non existing resourceDirectory E:\LAVA\G.S_Teamwork\ELMS_Client\src\main\resources
2015-12-18 16:39:12,935 [Worker-106] INFO  o.e.m.c.i.embedder.EclipseLogger - Using 'UTF-8' encoding to copy filtered resources.
2015-12-18 16:39:12,936 [Worker-106] INFO  o.e.m.c.i.embedder.EclipseLogger - skip non existing resourceDirectory E:\LAVA\G.S_Teamwork\ELMS_Client\src\test\resources
2015-12-18 16:39:29,740 [Worker-112] INFO  o.e.m.c.i.embedder.EclipseLogger - Using 'UTF-8' encoding to copy filtered resources.
2015-12-18 16:39:29,740 [Worker-112] INFO  o.e.m.c.i.embedder.EclipseLogger - skip non existing resourceDirectory E:\LAVA\G.S_Teamwork\ELMS_Client\src\main\resources
2015-12-18 16:39:29,742 [Worker-112] INFO  o.e.m.c.i.embedder.EclipseLogger - Using 'UTF-8' encoding to copy filtered resources.
2015-12-18 16:39:29,742 [Worker-112] INFO  o.e.m.c.i.embedder.EclipseLogger - skip non existing resourceDirectory E:\LAVA\G.S_Teamwork\ELMS_Client\src\test\resources
2015-12-18 16:39:38,228 [Worker-104] INFO  o.e.m.c.i.embedder.EclipseLogger - Using 'UTF-8' encoding to copy filtered resources.
2015-12-18 16:39:38,228 [Worker-104] INFO  o.e.m.c.i.embedder.EclipseLogger - skip non existing resourceDirectory E:\LAVA\G.S_Teamwork\ELMS_Client\src\main\resources
2015-12-18 16:39:38,230 [Worker-104] INFO  o.e.m.c.i.embedder.EclipseLogger - Using 'UTF-8' encoding to copy filtered resources.
2015-12-18 16:39:38,231 [Worker-104] INFO  o.e.m.c.i.embedder.EclipseLogger - skip non existing resourceDirectory E:\LAVA\G.S_Teamwork\ELMS_Client\src\test\resources
2015-12-18 16:40:24,954 [Worker-114] INFO  o.e.m.c.i.embedder.EclipseLogger - Using 'UTF-8' encoding to copy filtered resources.
2015-12-18 16:40:24,954 [Worker-114] INFO  o.e.m.c.i.embedder.EclipseLogger - skip non existing resourceDirectory E:\LAVA\G.S_Teamwork\ELMS_Client\src\main\resources
2015-12-18 16:40:24,956 [Worker-114] INFO  o.e.m.c.i.embedder.EclipseLogger - Using 'UTF-8' encoding to copy filtered resources.
2015-12-18 16:40:24,956 [Worker-114] INFO  o.e.m.c.i.embedder.EclipseLogger - skip non existing resourceDirectory E:\LAVA\G.S_Teamwork\ELMS_Client\src\test\resources
2015-12-18 16:40:30,905 [Worker-106] INFO  o.e.m.c.i.embedder.EclipseLogger - Using 'UTF-8' encoding to copy filtered resources.
2015-12-18 16:40:30,905 [Worker-106] INFO  o.e.m.c.i.embedder.EclipseLogger - skip non existing resourceDirectory E:\LAVA\G.S_Teamwork\ELMS_Client\src\main\resources
2015-12-18 16:40:30,907 [Worker-106] INFO  o.e.m.c.i.embedder.EclipseLogger - Using 'UTF-8' encoding to copy filtered resources.
2015-12-18 16:40:30,907 [Worker-106] INFO  o.e.m.c.i.embedder.EclipseLogger - skip non existing resourceDirectory E:\LAVA\G.S_Teamwork\ELMS_Client\src\test\resources
2015-12-18 16:41:53,866 [Worker-112] INFO  o.e.m.c.i.embedder.EclipseLogger - Using 'UTF-8' encoding to copy filtered resources.
2015-12-18 16:41:53,867 [Worker-112] INFO  o.e.m.c.i.embedder.EclipseLogger - skip non existing resourceDirectory E:\LAVA\G.S_Teamwork\ELMS_Client\src\main\resources
2015-12-18 16:41:53,868 [Worker-112] INFO  o.e.m.c.i.embedder.EclipseLogger - Using 'UTF-8' encoding to copy filtered resources.
2015-12-18 16:41:53,868 [Worker-112] INFO  o.e.m.c.i.embedder.EclipseLogger - skip non existing resourceDirectory E:\LAVA\G.S_Teamwork\ELMS_Client\src\test\resources
2015-12-18 16:42:38,070 [Worker-106] INFO  o.e.m.c.i.embedder.EclipseLogger - Using 'UTF-8' encoding to copy filtered resources.
2015-12-18 16:42:38,070 [Worker-106] INFO  o.e.m.c.i.embedder.EclipseLogger - skip non existing resourceDirectory E:\LAVA\G.S_Teamwork\ELMS_Client\src\main\resources
2015-12-18 16:42:38,071 [Worker-106] INFO  o.e.m.c.i.embedder.EclipseLogger - Using 'UTF-8' encoding to copy filtered resources.
2015-12-18 16:42:38,071 [Worker-106] INFO  o.e.m.c.i.embedder.EclipseLogger - skip non existing resourceDirectory E:\LAVA\G.S_Teamwork\ELMS_Client\src\test\resources
2015-12-18 16:43:28,414 [Worker-115] INFO  o.e.m.c.i.embedder.EclipseLogger - Using 'UTF-8' encoding to copy filtered resources.
2015-12-18 16:43:28,415 [Worker-115] INFO  o.e.m.c.i.embedder.EclipseLogger - skip non existing resourceDirectory E:\LAVA\G.S_Teamwork\ELMS_Client\src\main\resources
2015-12-18 16:43:28,417 [Worker-115] INFO  o.e.m.c.i.embedder.EclipseLogger - Using 'UTF-8' encoding to copy filtered resources.
2015-12-18 16:43:28,417 [Worker-115] INFO  o.e.m.c.i.embedder.EclipseLogger - skip non existing resourceDirectory E:\LAVA\G.S_Teamwork\ELMS_Client\src\test\resources
2015-12-18 16:44:50,328 [Worker-114] INFO  o.e.m.c.i.embedder.EclipseLogger - Using 'UTF-8' encoding to copy filtered resources.
2015-12-18 16:44:50,328 [Worker-114] INFO  o.e.m.c.i.embedder.EclipseLogger - skip non existing resourceDirectory E:\LAVA\G.S_Teamwork\ELMS_Client\src\main\resources
2015-12-18 16:44:50,329 [Worker-114] INFO  o.e.m.c.i.embedder.EclipseLogger - Using 'UTF-8' encoding to copy filtered resources.
2015-12-18 16:44:50,329 [Worker-114] INFO  o.e.m.c.i.embedder.EclipseLogger - skip non existing resourceDirectory E:\LAVA\G.S_Teamwork\ELMS_Client\src\test\resources
2015-12-18 16:45:30,291 [Worker-106] INFO  o.e.m.c.i.embedder.EclipseLogger - Using 'UTF-8' encoding to copy filtered resources.
2015-12-18 16:45:30,292 [Worker-106] INFO  o.e.m.c.i.embedder.EclipseLogger - skip non existing resourceDirectory E:\LAVA\G.S_Teamwork\ELMS_Client\src\main\resources
2015-12-18 16:45:30,293 [Worker-106] INFO  o.e.m.c.i.embedder.EclipseLogger - Using 'UTF-8' encoding to copy filtered resources.
2015-12-18 16:45:30,293 [Worker-106] INFO  o.e.m.c.i.embedder.EclipseLogger - skip non existing resourceDirectory E:\LAVA\G.S_Teamwork\ELMS_Client\src\test\resources
2015-12-18 16:46:23,907 [Worker-113] INFO  o.e.m.c.i.embedder.EclipseLogger - Using 'UTF-8' encoding to copy filtered resources.
2015-12-18 16:46:23,908 [Worker-113] INFO  o.e.m.c.i.embedder.EclipseLogger - skip non existing resourceDirectory E:\LAVA\G.S_Teamwork\ELMS_Client\src\main\resources
2015-12-18 16:46:23,912 [Worker-113] INFO  o.e.m.c.i.embedder.EclipseLogger - Using 'UTF-8' encoding to copy filtered resources.
2015-12-18 16:46:23,912 [Worker-113] INFO  o.e.m.c.i.embedder.EclipseLogger - skip non existing resourceDirectory E:\LAVA\G.S_Teamwork\ELMS_Client\src\test\resources
2015-12-18 16:48:44,380 [Worker-116] INFO  o.e.m.c.i.embedder.EclipseLogger - Using 'UTF-8' encoding to copy filtered resources.
2015-12-18 16:48:44,380 [Worker-116] INFO  o.e.m.c.i.embedder.EclipseLogger - skip non existing resourceDirectory E:\LAVA\G.S_Teamwork\ELMS_Client\src\main\resources
2015-12-18 16:48:44,381 [Worker-116] INFO  o.e.m.c.i.embedder.EclipseLogger - Using 'UTF-8' encoding to copy filtered resources.
2015-12-18 16:48:44,381 [Worker-116] INFO  o.e.m.c.i.embedder.EclipseLogger - skip non existing resourceDirectory E:\LAVA\G.S_Teamwork\ELMS_Client\src\test\resources
2015-12-18 16:49:26,677 [Worker-113] INFO  o.e.m.c.i.embedder.EclipseLogger - Using 'UTF-8' encoding to copy filtered resources.
2015-12-18 16:49:26,678 [Worker-113] INFO  o.e.m.c.i.embedder.EclipseLogger - skip non existing resourceDirectory E:\LAVA\G.S_Teamwork\ELMS_Client\src\main\resources
2015-12-18 16:49:26,679 [Worker-113] INFO  o.e.m.c.i.embedder.EclipseLogger - Using 'UTF-8' encoding to copy filtered resources.
2015-12-18 16:49:26,679 [Worker-113] INFO  o.e.m.c.i.embedder.EclipseLogger - skip non existing resourceDirectory E:\LAVA\G.S_Teamwork\ELMS_Client\src\test\resources
2015-12-18 16:50:28,867 [Worker-112] INFO  o.e.m.c.i.embedder.EclipseLogger - Using 'UTF-8' encoding to copy filtered resources.
2015-12-18 16:50:28,867 [Worker-112] INFO  o.e.m.c.i.embedder.EclipseLogger - skip non existing resourceDirectory E:\LAVA\G.S_Teamwork\ELMS_Client\src\main\resources
2015-12-18 16:50:28,867 [Worker-112] INFO  o.e.m.c.i.embedder.EclipseLogger - Using 'UTF-8' encoding to copy filtered resources.
2015-12-18 16:50:28,868 [Worker-112] INFO  o.e.m.c.i.embedder.EclipseLogger - skip non existing resourceDirectory E:\LAVA\G.S_Teamwork\ELMS_Client\src\test\resources
2015-12-18 16:52:01,541 [Worker-106] INFO  o.e.m.c.i.embedder.EclipseLogger - Using 'UTF-8' encoding to copy filtered resources.
2015-12-18 16:52:01,542 [Worker-106] INFO  o.e.m.c.i.embedder.EclipseLogger - skip non existing resourceDirectory E:\LAVA\G.S_Teamwork\ELMS_Client\src\main\resources
2015-12-18 16:52:01,543 [Worker-106] INFO  o.e.m.c.i.embedder.EclipseLogger - Using 'UTF-8' encoding to copy filtered resources.
2015-12-18 16:52:01,543 [Worker-106] INFO  o.e.m.c.i.embedder.EclipseLogger - skip non existing resourceDirectory E:\LAVA\G.S_Teamwork\ELMS_Client\src\test\resources
2015-12-18 16:53:23,767 [Worker-106] INFO  o.e.m.c.i.embedder.EclipseLogger - Using 'UTF-8' encoding to copy filtered resources.
2015-12-18 16:53:23,767 [Worker-106] INFO  o.e.m.c.i.embedder.EclipseLogger - skip non existing resourceDirectory E:\LAVA\G.S_Teamwork\ELMS_Client\src\main\resources
2015-12-18 16:53:23,768 [Worker-106] INFO  o.e.m.c.i.embedder.EclipseLogger - Using 'UTF-8' encoding to copy filtered resources.
2015-12-18 16:53:23,768 [Worker-106] INFO  o.e.m.c.i.embedder.EclipseLogger - skip non existing resourceDirectory E:\LAVA\G.S_Teamwork\ELMS_Client\src\test\resources
2015-12-18 17:01:08,625 [Worker-123] INFO  o.e.m.c.i.embedder.EclipseLogger - Using 'UTF-8' encoding to copy filtered resources.
2015-12-18 17:01:08,625 [Worker-123] INFO  o.e.m.c.i.embedder.EclipseLogger - skip non existing resourceDirectory E:\LAVA\G.S_Teamwork\ELMS_Client\src\main\resources
2015-12-18 17:01:08,627 [Worker-123] INFO  o.e.m.c.i.embedder.EclipseLogger - Using 'UTF-8' encoding to copy filtered resources.
2015-12-18 17:01:08,627 [Worker-123] INFO  o.e.m.c.i.embedder.EclipseLogger - skip non existing resourceDirectory E:\LAVA\G.S_Teamwork\ELMS_Client\src\test\resources
2015-12-18 17:01:44,823 [Worker-119] INFO  o.e.m.c.i.embedder.EclipseLogger - Using 'UTF-8' encoding to copy filtered resources.
2015-12-18 17:01:44,823 [Worker-119] INFO  o.e.m.c.i.embedder.EclipseLogger - skip non existing resourceDirectory E:\LAVA\G.S_Teamwork\ELMS_Client\src\main\resources
2015-12-18 17:01:44,824 [Worker-119] INFO  o.e.m.c.i.embedder.EclipseLogger - Using 'UTF-8' encoding to copy filtered resources.
2015-12-18 17:01:44,824 [Worker-119] INFO  o.e.m.c.i.embedder.EclipseLogger - skip non existing resourceDirectory E:\LAVA\G.S_Teamwork\ELMS_Client\src\test\resources
2015-12-18 17:15:24,235 [Worker-133] INFO  o.e.m.c.i.embedder.EclipseLogger - Using 'UTF-8' encoding to copy filtered resources.
2015-12-18 17:15:24,237 [Worker-133] INFO  o.e.m.c.i.embedder.EclipseLogger - skip non existing resourceDirectory E:\LAVA\G.S_Teamwork\ELMS_Client\src\main\resources
2015-12-18 17:15:24,240 [Worker-133] INFO  o.e.m.c.i.embedder.EclipseLogger - Using 'UTF-8' encoding to copy filtered resources.
2015-12-18 17:15:24,241 [Worker-133] INFO  o.e.m.c.i.embedder.EclipseLogger - skip non existing resourceDirectory E:\LAVA\G.S_Teamwork\ELMS_Client\src\test\resources
2015-12-18 17:21:18,407 [Worker-131] INFO  o.e.m.c.i.embedder.EclipseLogger - Using 'UTF-8' encoding to copy filtered resources.
2015-12-18 17:21:18,407 [Worker-131] INFO  o.e.m.c.i.embedder.EclipseLogger - skip non existing resourceDirectory E:\LAVA\G.S_Teamwork\ELMS_Client\src\main\resources
2015-12-18 17:21:18,409 [Worker-131] INFO  o.e.m.c.i.embedder.EclipseLogger - Using 'UTF-8' encoding to copy filtered resources.
2015-12-18 17:21:18,409 [Worker-131] INFO  o.e.m.c.i.embedder.EclipseLogger - skip non existing resourceDirectory E:\LAVA\G.S_Teamwork\ELMS_Client\src\test\resources
2015-12-18 17:22:41,813 [Worker-127] INFO  o.e.m.c.i.embedder.EclipseLogger - Using 'UTF-8' encoding to copy filtered resources.
2015-12-18 17:22:41,814 [Worker-127] INFO  o.e.m.c.i.embedder.EclipseLogger - skip non existing resourceDirectory E:\LAVA\G.S_Teamwork\ELMS_Client\src\main\resources
2015-12-18 17:22:41,815 [Worker-127] INFO  o.e.m.c.i.embedder.EclipseLogger - Using 'UTF-8' encoding to copy filtered resources.
2015-12-18 17:22:41,815 [Worker-127] INFO  o.e.m.c.i.embedder.EclipseLogger - skip non existing resourceDirectory E:\LAVA\G.S_Teamwork\ELMS_Client\src\test\resources
2015-12-18 17:26:06,467 [Worker-137] INFO  o.e.m.c.i.embedder.EclipseLogger - Using 'UTF-8' encoding to copy filtered resources.
2015-12-18 17:26:06,467 [Worker-137] INFO  o.e.m.c.i.embedder.EclipseLogger - skip non existing resourceDirectory E:\LAVA\G.S_Teamwork\ELMS_Client\src\main\resources
2015-12-18 17:26:06,468 [Worker-137] INFO  o.e.m.c.i.embedder.EclipseLogger - Using 'UTF-8' encoding to copy filtered resources.
2015-12-18 17:26:06,469 [Worker-137] INFO  o.e.m.c.i.embedder.EclipseLogger - skip non existing resourceDirectory E:\LAVA\G.S_Teamwork\ELMS_Client\src\test\resources
2015-12-18 17:27:04,175 [Worker-138] INFO  o.e.m.c.i.embedder.EclipseLogger - Using 'UTF-8' encoding to copy filtered resources.
2015-12-18 17:27:04,176 [Worker-138] INFO  o.e.m.c.i.embedder.EclipseLogger - skip non existing resourceDirectory E:\LAVA\G.S_Teamwork\ELMS_Client\src\main\resources
2015-12-18 17:27:04,176 [Worker-138] INFO  o.e.m.c.i.embedder.EclipseLogger - Using 'UTF-8' encoding to copy filtered resources.
2015-12-18 17:27:04,176 [Worker-138] INFO  o.e.m.c.i.embedder.EclipseLogger - skip non existing resourceDirectory E:\LAVA\G.S_Teamwork\ELMS_Client\src\test\resources
2015-12-18 17:33:29,447 [Worker-143] INFO  o.e.m.c.i.embedder.EclipseLogger - Using 'UTF-8' encoding to copy filtered resources.
2015-12-18 17:33:29,447 [Worker-143] INFO  o.e.m.c.i.embedder.EclipseLogger - skip non existing resourceDirectory E:\LAVA\G.S_Teamwork\ELMS_Client\src\main\resources
2015-12-18 17:33:29,447 [Worker-143] INFO  o.e.m.c.i.embedder.EclipseLogger - Using 'UTF-8' encoding to copy filtered resources.
2015-12-18 17:33:29,447 [Worker-143] INFO  o.e.m.c.i.embedder.EclipseLogger - skip non existing resourceDirectory E:\LAVA\G.S_Teamwork\ELMS_Client\src\test\resources
2015-12-18 17:42:01,180 [Worker-146] INFO  o.e.m.c.i.embedder.EclipseLogger - Using 'UTF-8' encoding to copy filtered resources.
2015-12-18 17:42:01,180 [Worker-146] INFO  o.e.m.c.i.embedder.EclipseLogger - skip non existing resourceDirectory E:\LAVA\G.S_Teamwork\ELMS_Client\src\main\resources
2015-12-18 17:42:01,181 [Worker-146] INFO  o.e.m.c.i.embedder.EclipseLogger - Using 'UTF-8' encoding to copy filtered resources.
2015-12-18 17:42:01,181 [Worker-146] INFO  o.e.m.c.i.embedder.EclipseLogger - skip non existing resourceDirectory E:\LAVA\G.S_Teamwork\ELMS_Client\src\test\resources
2015-12-18 17:46:15,707 [Worker-148] INFO  o.e.m.c.i.embedder.EclipseLogger - Using 'UTF-8' encoding to copy filtered resources.
2015-12-18 17:46:15,708 [Worker-148] INFO  o.e.m.c.i.embedder.EclipseLogger - skip non existing resourceDirectory E:\LAVA\G.S_Teamwork\ELMS_Client\src\main\resources
2015-12-18 17:46:15,708 [Worker-148] INFO  o.e.m.c.i.embedder.EclipseLogger - Using 'UTF-8' encoding to copy filtered resources.
2015-12-18 17:46:15,708 [Worker-148] INFO  o.e.m.c.i.embedder.EclipseLogger - skip non existing resourceDirectory E:\LAVA\G.S_Teamwork\ELMS_Client\src\test\resources
2015-12-18 18:36:14,999 [Worker-147] INFO  o.e.m.c.i.embedder.EclipseLogger - Using 'UTF-8' encoding to copy filtered resources.
2015-12-18 18:36:15,043 [Worker-147] INFO  o.e.m.c.i.embedder.EclipseLogger - skip non existing resourceDirectory E:\LAVA\G.S_Teamwork\ELMS_Client\src\main\resources
2015-12-18 18:36:15,046 [Worker-147] INFO  o.e.m.c.i.embedder.EclipseLogger - Using 'UTF-8' encoding to copy filtered resources.
2015-12-18 18:36:15,046 [Worker-147] INFO  o.e.m.c.i.embedder.EclipseLogger - skip non existing resourceDirectory E:\LAVA\G.S_Teamwork\ELMS_Client\src\test\resources
2015-12-19 18:52:16,527 [Worker-13] INFO  o.e.m.c.i.embedder.EclipseLogger - Using 'UTF-8' encoding to copy filtered resources.
2015-12-19 18:52:16,545 [Worker-13] INFO  o.e.m.c.i.embedder.EclipseLogger - skip non existing resourceDirectory E:\LAVA\G.S_Teamwork\ELMS_Client\src\main\resources
2015-12-19 18:52:16,547 [Worker-13] INFO  o.e.m.c.i.embedder.EclipseLogger - Using 'UTF-8' encoding to copy filtered resources.
2015-12-19 18:52:16,547 [Worker-13] INFO  o.e.m.c.i.embedder.EclipseLogger - skip non existing resourceDirectory E:\LAVA\G.S_Teamwork\ELMS_Client\src\test\resources
